2024-01-04T10:58:26.691+05:30  INFO 15244 --- [http-nio-1234-exec-7] c.e.event.contoller.EventController      : specific event
2024-01-04T10:58:27.024+05:30 ERROR 15244 --- [http-nio-1234-exec-7] c.e.event.contoller.EventController      : exceptionevent id is no 3 not present
2024-01-04T10:58:32.889+05:30  INFO 15244 --- [http-nio-1234-exec-8] c.e.event.contoller.EventController      : specific event
2024-01-04T10:58:32.890+05:30 ERROR 15244 --- [http-nio-1234-exec-8] c.e.event.contoller.EventController      : exceptionevent id is no 55 not present
2024-01-04T10:58:38.309+05:30  WARN 15244 --- [http-nio-1234-exec-10] .w.s.m.s.DefaultHandlerExceptionResolver : Resolved [org.springframework.web.HttpRequestMethodNotSupportedException: Request method 'POST' is not supported]
2024-01-04T10:58:41.707+05:30  INFO 15244 --- [http-nio-1234-exec-2] c.e.event.contoller.EventController      : Posting
2024-01-04T10:58:41.707+05:30  INFO 15244 --- [http-nio-1234-exec-2] c.e.event.contoller.EventController      : recieved req from post mapping
2024-01-04T10:58:48.040+05:30  INFO 15244 --- [http-nio-1234-exec-3] c.e.event.contoller.EventController      : specific event
2024-01-04T11:07:26.476+05:30  INFO 15244 --- [http-nio-1234-exec-5] c.e.event.contoller.EventController      : specific event
2024-01-04T11:07:26.478+05:30 ERROR 15244 --- [http-nio-1234-exec-5] c.e.event.contoller.EventController      : exceptionevent id is no 7896 not present
2024-01-04T11:30:48.921+05:30  INFO 15244 --- [http-nio-1234-exec-10] c.e.event.contoller.EventController      : Retrive all events
2024-01-04T11:30:48.922+05:30  INFO 15244 --- [http-nio-1234-exec-10] c.e.event.contoller.EventController      : recieved request for Get method 
2024-01-04T11:38:33.834+05:30  INFO 15244 --- [RMI TCP Connection(1088)-127.0.0.1] inMXBeanRegistrar$SpringApplicationAdmin : Application shutdown requested.
2024-01-04T11:38:33.881+05:30  INFO 15244 --- [RMI TCP Connection(1088)-127.0.0.1] j.LocalContainerEntityManagerFactoryBean : Closing JPA EntityManagerFactory for persistence unit 'default'
2024-01-04T11:38:33.888+05:30  INFO 15244 --- [RMI TCP Connection(1088)-127.0.0.1] com.zaxxer.hikari.HikariDataSource       : HikariPool-1 - Shutdown initiated...
2024-01-04T11:38:34.261+05:30  INFO 15244 --- [RMI TCP Connection(1088)-127.0.0.1] com.zaxxer.hikari.HikariDataSource       : HikariPool-1 - Shutdown completed.
2024-01-04T11:38:40.142+05:30  INFO 57212 --- [main] com.example.event.EventApplication       : Starting EventApplication using Java 17.0.9 with PID 57212 (C:\Users\rohith_burle\Desktop\Spring\event\event\target\classes started by rohith_burle in C:\Users\rohith_burle\Desktop\Spring\event\event)
2024-01-04T11:38:40.145+05:30  INFO 57212 --- [main] com.example.event.EventApplication       : No active profile set, falling back to 1 default profile: "default"
2024-01-04T11:38:40.907+05:30  INFO 57212 --- [main] .s.d.r.c.RepositoryConfigurationDelegate : Bootstrapping Spring Data JPA repositories in DEFAULT mode.
2024-01-04T11:38:40.975+05:30  INFO 57212 --- [main] .s.d.r.c.RepositoryConfigurationDelegate : Finished Spring Data repository scanning in 59 ms. Found 1 JPA repository interface.
2024-01-04T11:38:41.495+05:30  INFO 57212 --- [main] o.s.b.w.embedded.tomcat.TomcatWebServer  : Tomcat initialized with port 1234 (http)
2024-01-04T11:38:41.510+05:30  INFO 57212 --- [main] o.apache.catalina.core.StandardService   : Starting service [Tomcat]
2024-01-04T11:38:41.510+05:30  INFO 57212 --- [main] o.apache.catalina.core.StandardEngine    : Starting Servlet engine: [Apache Tomcat/10.1.17]
2024-01-04T11:38:41.597+05:30  INFO 57212 --- [main] o.a.c.c.C.[Tomcat].[localhost].[/]       : Initializing Spring embedded WebApplicationContext
2024-01-04T11:38:41.598+05:30  INFO 57212 --- [main] w.s.c.ServletWebServerApplicationContext : Root WebApplicationContext: initialization completed in 1409 ms
2024-01-04T11:38:41.632+05:30  INFO 57212 --- [main] com.zaxxer.hikari.HikariDataSource       : HikariPool-1 - Starting...
2024-01-04T11:38:41.918+05:30  INFO 57212 --- [main] com.zaxxer.hikari.pool.HikariPool        : HikariPool-1 - Added connection conn0: url=jdbc:h2:file:C:\Users\rohith_burle\events user=DATABASE
2024-01-04T11:38:41.921+05:30  INFO 57212 --- [main] com.zaxxer.hikari.HikariDataSource       : HikariPool-1 - Start completed.
2024-01-04T11:38:41.936+05:30  INFO 57212 --- [main] o.s.b.a.h2.H2ConsoleAutoConfiguration    : H2 console available at '/h2-rohith'. Database available at 'jdbc:h2:file:C:\Users\rohith_burle\events'
2024-01-04T11:38:42.080+05:30  INFO 57212 --- [main] o.hibernate.jpa.internal.util.LogHelper  : HHH000204: Processing PersistenceUnitInfo [name: default]
2024-01-04T11:38:42.155+05:30  INFO 57212 --- [main] org.hibernate.Version                    : HHH000412: Hibernate ORM core version 6.4.1.Final
2024-01-04T11:38:42.214+05:30  INFO 57212 --- [main] o.h.c.internal.RegionFactoryInitiator    : HHH000026: Second-level cache disabled
2024-01-04T11:38:42.519+05:30  INFO 57212 --- [main] o.s.o.j.p.SpringPersistenceUnitInfo      : No LoadTimeWeaver setup: ignoring JPA class transformer
2024-01-04T11:38:42.576+05:30  WARN 57212 --- [main] org.hibernate.orm.deprecation            : HHH90000025: H2Dialect does not need to be specified explicitly using 'hibernate.dialect' (remove the property setting and it will be selected by default)
2024-01-04T11:38:43.532+05:30  INFO 57212 --- [main] o.h.e.t.j.p.i.JtaPlatformInitiator       : HHH000489: No JTA platform available (set 'hibernate.transaction.jta.platform' to enable JTA platform integration)
2024-01-04T11:38:43.591+05:30  INFO 57212 --- [main] j.LocalContainerEntityManagerFactoryBean : Initialized JPA EntityManagerFactory for persistence unit 'default'
2024-01-04T11:38:44.011+05:30  WARN 57212 --- [main] JpaBaseConfiguration$JpaWebConfiguration : spring.jpa.open-in-view is enabled by default. Therefore, database queries may be performed during view rendering. Explicitly configure spring.jpa.open-in-view to disable this warning
2024-01-04T11:38:44.526+05:30  INFO 57212 --- [main] o.s.b.w.embedded.tomcat.TomcatWebServer  : Tomcat started on port 1234 (http) with context path ''
2024-01-04T11:38:44.537+05:30  INFO 57212 --- [main] com.example.event.EventApplication       : Started EventApplication in 4.88 seconds (process running for 5.828)
2024-01-04T11:38:55.001+05:30  INFO 57212 --- [http-nio-1234-exec-2] o.a.c.c.C.[Tomcat].[localhost].[/]       : Initializing Spring DispatcherServlet 'dispatcherServlet'
2024-01-04T11:38:55.001+05:30  INFO 57212 --- [http-nio-1234-exec-2] o.s.web.servlet.DispatcherServlet        : Initializing Servlet 'dispatcherServlet'
2024-01-04T11:38:55.002+05:30  INFO 57212 --- [http-nio-1234-exec-2] o.s.web.servlet.DispatcherServlet        : Completed initialization in 1 ms
2024-01-04T11:52:28.510+05:30  INFO 57212 --- [RMI TCP Connection(22)-127.0.0.1] inMXBeanRegistrar$SpringApplicationAdmin : Application shutdown requested.
2024-01-04T11:52:28.541+05:30  INFO 57212 --- [RMI TCP Connection(22)-127.0.0.1] j.LocalContainerEntityManagerFactoryBean : Closing JPA EntityManagerFactory for persistence unit 'default'
2024-01-04T11:52:28.544+05:30  INFO 57212 --- [RMI TCP Connection(22)-127.0.0.1] com.zaxxer.hikari.HikariDataSource       : HikariPool-1 - Shutdown initiated...
2024-01-04T11:52:28.827+05:30  INFO 57212 --- [RMI TCP Connection(22)-127.0.0.1] com.zaxxer.hikari.HikariDataSource       : HikariPool-1 - Shutdown completed.
2024-01-04T11:53:09.953+05:30  INFO 62768 --- [main] com.example.event.EventApplication       : Starting EventApplication using Java 17.0.9 with PID 62768 (C:\Users\rohith_burle\Desktop\Spring\event\event\target\classes started by rohith_burle in C:\Users\rohith_burle\Desktop\Spring\event\event)
2024-01-04T11:53:09.957+05:30  INFO 62768 --- [main] com.example.event.EventApplication       : No active profile set, falling back to 1 default profile: "default"
2024-01-04T11:53:10.692+05:30  INFO 62768 --- [main] .s.d.r.c.RepositoryConfigurationDelegate : Bootstrapping Spring Data JPA repositories in DEFAULT mode.
2024-01-04T11:53:10.766+05:30  INFO 62768 --- [main] .s.d.r.c.RepositoryConfigurationDelegate : Finished Spring Data repository scanning in 63 ms. Found 1 JPA repository interface.
2024-01-04T11:53:11.335+05:30  INFO 62768 --- [main] o.s.b.w.embedded.tomcat.TomcatWebServer  : Tomcat initialized with port 1234 (http)
2024-01-04T11:53:11.349+05:30  INFO 62768 --- [main] o.apache.catalina.core.StandardService   : Starting service [Tomcat]
2024-01-04T11:53:11.349+05:30  INFO 62768 --- [main] o.apache.catalina.core.StandardEngine    : Starting Servlet engine: [Apache Tomcat/10.1.17]
2024-01-04T11:53:11.431+05:30  INFO 62768 --- [main] o.a.c.c.C.[Tomcat].[localhost].[/]       : Initializing Spring embedded WebApplicationContext
2024-01-04T11:53:11.432+05:30  INFO 62768 --- [main] w.s.c.ServletWebServerApplicationContext : Root WebApplicationContext: initialization completed in 1427 ms
2024-01-04T11:53:11.465+05:30  INFO 62768 --- [main] com.zaxxer.hikari.HikariDataSource       : HikariPool-1 - Starting...
2024-01-04T11:53:11.771+05:30  INFO 62768 --- [main] com.zaxxer.hikari.pool.HikariPool        : HikariPool-1 - Added connection conn0: url=jdbc:h2:file:C:\Users\rohith_burle\events user=DATABASE
2024-01-04T11:53:11.773+05:30  INFO 62768 --- [main] com.zaxxer.hikari.HikariDataSource       : HikariPool-1 - Start completed.
2024-01-04T11:53:11.789+05:30  INFO 62768 --- [main] o.s.b.a.h2.H2ConsoleAutoConfiguration    : H2 console available at '/h2-rohith'. Database available at 'jdbc:h2:file:C:\Users\rohith_burle\events'
2024-01-04T11:53:11.936+05:30  INFO 62768 --- [main] o.hibernate.jpa.internal.util.LogHelper  : HHH000204: Processing PersistenceUnitInfo [name: default]
2024-01-04T11:53:12.280+05:30  INFO 62768 --- [main] org.hibernate.Version                    : HHH000412: Hibernate ORM core version 6.4.1.Final
2024-01-04T11:53:12.324+05:30  INFO 62768 --- [main] o.h.c.internal.RegionFactoryInitiator    : HHH000026: Second-level cache disabled
2024-01-04T11:53:12.623+05:30  INFO 62768 --- [main] o.s.o.j.p.SpringPersistenceUnitInfo      : No LoadTimeWeaver setup: ignoring JPA class transformer
2024-01-04T11:53:12.683+05:30  WARN 62768 --- [main] org.hibernate.orm.deprecation            : HHH90000025: H2Dialect does not need to be specified explicitly using 'hibernate.dialect' (remove the property setting and it will be selected by default)
2024-01-04T11:53:13.795+05:30  INFO 62768 --- [main] o.h.e.t.j.p.i.JtaPlatformInitiator       : HHH000489: No JTA platform available (set 'hibernate.transaction.jta.platform' to enable JTA platform integration)
2024-01-04T11:53:13.869+05:30  INFO 62768 --- [main] j.LocalContainerEntityManagerFactoryBean : Initialized JPA EntityManagerFactory for persistence unit 'default'
2024-01-04T11:53:14.297+05:30  WARN 62768 --- [main] JpaBaseConfiguration$JpaWebConfiguration : spring.jpa.open-in-view is enabled by default. Therefore, database queries may be performed during view rendering. Explicitly configure spring.jpa.open-in-view to disable this warning
2024-01-04T11:53:14.878+05:30  INFO 62768 --- [main] o.s.b.w.embedded.tomcat.TomcatWebServer  : Tomcat started on port 1234 (http) with context path ''
2024-01-04T11:53:14.893+05:30  INFO 62768 --- [main] com.example.event.EventApplication       : Started EventApplication in 5.423 seconds (process running for 6.327)
2024-01-04T11:53:29.998+05:30  INFO 62768 --- [http-nio-1234-exec-2] o.a.c.c.C.[Tomcat].[localhost].[/]       : Initializing Spring DispatcherServlet 'dispatcherServlet'
2024-01-04T11:53:29.998+05:30  INFO 62768 --- [http-nio-1234-exec-2] o.s.web.servlet.DispatcherServlet        : Initializing Servlet 'dispatcherServlet'
2024-01-04T11:53:29.999+05:30  INFO 62768 --- [http-nio-1234-exec-2] o.s.web.servlet.DispatcherServlet        : Completed initialization in 1 ms
2024-01-04T11:53:30.046+05:30  INFO 62768 --- [http-nio-1234-exec-2] c.e.event.contoller.EventController      : Retrive all events
2024-01-04T11:53:30.047+05:30  INFO 62768 --- [http-nio-1234-exec-2] c.e.event.contoller.EventController      : recieved request for Get method 
2024-01-04T11:54:02.463+05:30  INFO 62768 --- [http-nio-1234-exec-3] c.e.event.contoller.EventController      : specific event
2024-01-04T11:54:02.844+05:30 ERROR 62768 --- [http-nio-1234-exec-3] c.e.event.contoller.EventController      : exceptionevent id is no 100 not present
2024-01-04T11:57:32.559+05:30  INFO 62768 --- [http-nio-1234-exec-8] c.e.event.contoller.EventController      : Retrive all events
2024-01-04T11:57:32.559+05:30  INFO 62768 --- [http-nio-1234-exec-8] c.e.event.contoller.EventController      : recieved request for Get method 
2024-01-04T12:01:36.984+05:30  INFO 62768 --- [http-nio-1234-exec-10] c.e.event.contoller.EventController      : Retrive all events
2024-01-04T12:01:36.984+05:30  INFO 62768 --- [http-nio-1234-exec-10] c.e.event.contoller.EventController      : recieved request for Get method 
2024-01-04T12:02:48.888+05:30  INFO 62768 --- [RMI TCP Connection(18)-127.0.0.1] inMXBeanRegistrar$SpringApplicationAdmin : Application shutdown requested.
2024-01-04T12:02:48.918+05:30  INFO 62768 --- [RMI TCP Connection(18)-127.0.0.1] j.LocalContainerEntityManagerFactoryBean : Closing JPA EntityManagerFactory for persistence unit 'default'
2024-01-04T12:02:48.921+05:30  INFO 62768 --- [RMI TCP Connection(18)-127.0.0.1] com.zaxxer.hikari.HikariDataSource       : HikariPool-1 - Shutdown initiated...
2024-01-04T12:02:49.179+05:30  INFO 62768 --- [RMI TCP Connection(18)-127.0.0.1] com.zaxxer.hikari.HikariDataSource       : HikariPool-1 - Shutdown completed.
2024-01-04T12:02:54.004+05:30  INFO 109764 --- [main] com.example.event.EventApplication       : Starting EventApplication using Java 17.0.9 with PID 109764 (C:\Users\rohith_burle\Desktop\Spring\event\event\target\classes started by rohith_burle in C:\Users\rohith_burle\Desktop\Spring\event\event)
2024-01-04T12:02:54.007+05:30  INFO 109764 --- [main] com.example.event.EventApplication       : No active profile set, falling back to 1 default profile: "default"
2024-01-04T12:02:54.783+05:30  INFO 109764 --- [main] .s.d.r.c.RepositoryConfigurationDelegate : Bootstrapping Spring Data JPA repositories in DEFAULT mode.
2024-01-04T12:02:54.853+05:30  INFO 109764 --- [main] .s.d.r.c.RepositoryConfigurationDelegate : Finished Spring Data repository scanning in 61 ms. Found 1 JPA repository interface.
2024-01-04T12:02:55.427+05:30  INFO 109764 --- [main] o.s.b.w.embedded.tomcat.TomcatWebServer  : Tomcat initialized with port 1234 (http)
2024-01-04T12:02:55.442+05:30  INFO 109764 --- [main] o.apache.catalina.core.StandardService   : Starting service [Tomcat]
2024-01-04T12:02:55.443+05:30  INFO 109764 --- [main] o.apache.catalina.core.StandardEngine    : Starting Servlet engine: [Apache Tomcat/10.1.17]
2024-01-04T12:02:55.533+05:30  INFO 109764 --- [main] o.a.c.c.C.[Tomcat].[localhost].[/]       : Initializing Spring embedded WebApplicationContext
2024-01-04T12:02:55.534+05:30  INFO 109764 --- [main] w.s.c.ServletWebServerApplicationContext : Root WebApplicationContext: initialization completed in 1473 ms
2024-01-04T12:02:55.568+05:30  INFO 109764 --- [main] com.zaxxer.hikari.HikariDataSource       : HikariPool-1 - Starting...
2024-01-04T12:02:55.877+05:30  INFO 109764 --- [main] com.zaxxer.hikari.pool.HikariPool        : HikariPool-1 - Added connection conn0: url=jdbc:h2:file:C:\Users\rohith_burle\events user=DATABASE
2024-01-04T12:02:55.879+05:30  INFO 109764 --- [main] com.zaxxer.hikari.HikariDataSource       : HikariPool-1 - Start completed.
2024-01-04T12:02:55.891+05:30  INFO 109764 --- [main] o.s.b.a.h2.H2ConsoleAutoConfiguration    : H2 console available at '/h2-rohith'. Database available at 'jdbc:h2:file:C:\Users\rohith_burle\events'
2024-01-04T12:02:56.031+05:30  INFO 109764 --- [main] o.hibernate.jpa.internal.util.LogHelper  : HHH000204: Processing PersistenceUnitInfo [name: default]
2024-01-04T12:02:56.179+05:30  INFO 109764 --- [main] org.hibernate.Version                    : HHH000412: Hibernate ORM core version 6.4.1.Final
2024-01-04T12:02:56.224+05:30  INFO 109764 --- [main] o.h.c.internal.RegionFactoryInitiator    : HHH000026: Second-level cache disabled
2024-01-04T12:02:56.530+05:30  INFO 109764 --- [main] o.s.o.j.p.SpringPersistenceUnitInfo      : No LoadTimeWeaver setup: ignoring JPA class transformer
2024-01-04T12:02:56.593+05:30  WARN 109764 --- [main] org.hibernate.orm.deprecation            : HHH90000025: H2Dialect does not need to be specified explicitly using 'hibernate.dialect' (remove the property setting and it will be selected by default)
2024-01-04T12:02:57.626+05:30  INFO 109764 --- [main] o.h.e.t.j.p.i.JtaPlatformInitiator       : HHH000489: No JTA platform available (set 'hibernate.transaction.jta.platform' to enable JTA platform integration)
2024-01-04T12:02:57.705+05:30  INFO 109764 --- [main] j.LocalContainerEntityManagerFactoryBean : Initialized JPA EntityManagerFactory for persistence unit 'default'
2024-01-04T12:02:58.127+05:30  WARN 109764 --- [main] JpaBaseConfiguration$JpaWebConfiguration : spring.jpa.open-in-view is enabled by default. Therefore, database queries may be performed during view rendering. Explicitly configure spring.jpa.open-in-view to disable this warning
2024-01-04T12:02:58.611+05:30  INFO 109764 --- [main] o.s.b.w.embedded.tomcat.TomcatWebServer  : Tomcat started on port 1234 (http) with context path ''
2024-01-04T12:02:58.627+05:30  INFO 109764 --- [main] com.example.event.EventApplication       : Started EventApplication in 5.108 seconds (process running for 6.039)
2024-01-04T12:03:04.414+05:30  INFO 109764 --- [http-nio-1234-exec-2] o.a.c.c.C.[Tomcat].[localhost].[/]       : Initializing Spring DispatcherServlet 'dispatcherServlet'
2024-01-04T12:03:04.415+05:30  INFO 109764 --- [http-nio-1234-exec-2] o.s.web.servlet.DispatcherServlet        : Initializing Servlet 'dispatcherServlet'
2024-01-04T12:03:04.416+05:30  INFO 109764 --- [http-nio-1234-exec-2] o.s.web.servlet.DispatcherServlet        : Completed initialization in 1 ms
2024-01-04T12:17:58.280+05:30  INFO 109764 --- [http-nio-1234-exec-4] c.e.event.contoller.EventController      : Retrive all events
2024-01-04T12:17:58.281+05:30  INFO 109764 --- [http-nio-1234-exec-4] c.e.event.contoller.EventController      : recieved request for Get method 
2024-01-04T12:18:10.247+05:30  INFO 109764 --- [http-nio-1234-exec-6] c.e.event.contoller.EventController      : Posting
2024-01-04T12:18:10.247+05:30  INFO 109764 --- [http-nio-1234-exec-6] c.e.event.contoller.EventController      : recieved req from post mapping
2024-01-04T12:18:14.778+05:30  INFO 109764 --- [http-nio-1234-exec-7] c.e.event.contoller.EventController      : Posting
2024-01-04T12:18:14.778+05:30  INFO 109764 --- [http-nio-1234-exec-7] c.e.event.contoller.EventController      : recieved req from post mapping
2024-01-04T12:18:44.034+05:30  INFO 109764 --- [http-nio-1234-exec-8] c.e.event.contoller.EventController      : Retrive all events
2024-01-04T12:18:44.035+05:30  INFO 109764 --- [http-nio-1234-exec-8] c.e.event.contoller.EventController      : recieved request for Get method 
2024-01-04T12:18:51.433+05:30  INFO 109764 --- [http-nio-1234-exec-9] c.e.event.contoller.EventController      : Posting
2024-01-04T12:18:51.434+05:30  INFO 109764 --- [http-nio-1234-exec-9] c.e.event.contoller.EventController      : recieved req from post mapping
2024-01-04T12:18:56.937+05:30  INFO 109764 --- [http-nio-1234-exec-10] c.e.event.contoller.EventController      : Updating if only present
2024-01-04T12:18:56.937+05:30  INFO 109764 --- [http-nio-1234-exec-10] c.e.event.contoller.EventController      : recieved req from put mapping
2024-01-04T12:19:11.785+05:30  INFO 109764 --- [http-nio-1234-exec-1] c.e.event.contoller.EventController      : Updating if only present
2024-01-04T12:19:11.785+05:30  INFO 109764 --- [http-nio-1234-exec-1] c.e.event.contoller.EventController      : recieved req from put mapping
2024-01-04T12:19:11.794+05:30 ERROR 109764 --- [http-nio-1234-exec-1] c.e.event.contoller.EventController      : raising an EventNotExists Exception
2024-01-04T12:19:11.794+05:30 ERROR 109764 --- [http-nio-1234-exec-1] c.e.event.contoller.EventController      : EventNotExistsException: the event is not present so i cant update the data
2024-01-04T12:34:32.955+05:30  INFO 109764 --- [RMI TCP Connection(39)-127.0.0.1] inMXBeanRegistrar$SpringApplicationAdmin : Application shutdown requested.
2024-01-04T12:34:32.984+05:30  INFO 109764 --- [RMI TCP Connection(39)-127.0.0.1] j.LocalContainerEntityManagerFactoryBean : Closing JPA EntityManagerFactory for persistence unit 'default'
2024-01-04T12:34:32.986+05:30  INFO 109764 --- [RMI TCP Connection(39)-127.0.0.1] com.zaxxer.hikari.HikariDataSource       : HikariPool-1 - Shutdown initiated...
2024-01-04T12:34:33.313+05:30  INFO 109764 --- [RMI TCP Connection(39)-127.0.0.1] com.zaxxer.hikari.HikariDataSource       : HikariPool-1 - Shutdown completed.
2024-01-04T12:34:38.423+05:30  INFO 17204 --- [main] com.example.event.EventApplication       : Starting EventApplication using Java 17.0.9 with PID 17204 (C:\Users\rohith_burle\Desktop\Spring\event\event\target\classes started by rohith_burle in C:\Users\rohith_burle\Desktop\Spring\event\event)
2024-01-04T12:34:38.426+05:30  INFO 17204 --- [main] com.example.event.EventApplication       : No active profile set, falling back to 1 default profile: "default"
2024-01-04T12:34:39.180+05:30  INFO 17204 --- [main] .s.d.r.c.RepositoryConfigurationDelegate : Bootstrapping Spring Data JPA repositories in DEFAULT mode.
2024-01-04T12:34:39.251+05:30  INFO 17204 --- [main] .s.d.r.c.RepositoryConfigurationDelegate : Finished Spring Data repository scanning in 60 ms. Found 1 JPA repository interface.
2024-01-04T12:34:39.772+05:30  INFO 17204 --- [main] o.s.b.w.embedded.tomcat.TomcatWebServer  : Tomcat initialized with port 1234 (http)
2024-01-04T12:34:39.785+05:30  INFO 17204 --- [main] o.apache.catalina.core.StandardService   : Starting service [Tomcat]
2024-01-04T12:34:39.785+05:30  INFO 17204 --- [main] o.apache.catalina.core.StandardEngine    : Starting Servlet engine: [Apache Tomcat/10.1.17]
2024-01-04T12:34:39.869+05:30  INFO 17204 --- [main] o.a.c.c.C.[Tomcat].[localhost].[/]       : Initializing Spring embedded WebApplicationContext
2024-01-04T12:34:39.870+05:30  INFO 17204 --- [main] w.s.c.ServletWebServerApplicationContext : Root WebApplicationContext: initialization completed in 1396 ms
2024-01-04T12:34:39.903+05:30  INFO 17204 --- [main] com.zaxxer.hikari.HikariDataSource       : HikariPool-1 - Starting...
2024-01-04T12:34:40.194+05:30  INFO 17204 --- [main] com.zaxxer.hikari.pool.HikariPool        : HikariPool-1 - Added connection conn0: url=jdbc:h2:file:C:\Users\rohith_burle\events user=DATABASE
2024-01-04T12:34:40.196+05:30  INFO 17204 --- [main] com.zaxxer.hikari.HikariDataSource       : HikariPool-1 - Start completed.
2024-01-04T12:34:40.210+05:30  INFO 17204 --- [main] o.s.b.a.h2.H2ConsoleAutoConfiguration    : H2 console available at '/h2-rohith'. Database available at 'jdbc:h2:file:C:\Users\rohith_burle\events'
2024-01-04T12:34:40.367+05:30  INFO 17204 --- [main] o.hibernate.jpa.internal.util.LogHelper  : HHH000204: Processing PersistenceUnitInfo [name: default]
2024-01-04T12:34:40.448+05:30  INFO 17204 --- [main] org.hibernate.Version                    : HHH000412: Hibernate ORM core version 6.4.1.Final
2024-01-04T12:34:40.494+05:30  INFO 17204 --- [main] o.h.c.internal.RegionFactoryInitiator    : HHH000026: Second-level cache disabled
2024-01-04T12:34:40.787+05:30  INFO 17204 --- [main] o.s.o.j.p.SpringPersistenceUnitInfo      : No LoadTimeWeaver setup: ignoring JPA class transformer
2024-01-04T12:34:40.855+05:30  WARN 17204 --- [main] org.hibernate.orm.deprecation            : HHH90000025: H2Dialect does not need to be specified explicitly using 'hibernate.dialect' (remove the property setting and it will be selected by default)
2024-01-04T12:34:41.802+05:30  INFO 17204 --- [main] o.h.e.t.j.p.i.JtaPlatformInitiator       : HHH000489: No JTA platform available (set 'hibernate.transaction.jta.platform' to enable JTA platform integration)
2024-01-04T12:34:41.864+05:30  INFO 17204 --- [main] j.LocalContainerEntityManagerFactoryBean : Initialized JPA EntityManagerFactory for persistence unit 'default'
2024-01-04T12:34:42.292+05:30  WARN 17204 --- [main] JpaBaseConfiguration$JpaWebConfiguration : spring.jpa.open-in-view is enabled by default. Therefore, database queries may be performed during view rendering. Explicitly configure spring.jpa.open-in-view to disable this warning
2024-01-04T12:34:42.795+05:30  INFO 17204 --- [main] o.s.b.w.embedded.tomcat.TomcatWebServer  : Tomcat started on port 1234 (http) with context path ''
2024-01-04T12:34:42.808+05:30  INFO 17204 --- [main] com.example.event.EventApplication       : Started EventApplication in 4.969 seconds (process running for 5.862)
2024-01-04T12:35:00.986+05:30  INFO 17204 --- [http-nio-1234-exec-1] o.a.c.c.C.[Tomcat].[localhost].[/]       : Initializing Spring DispatcherServlet 'dispatcherServlet'
2024-01-04T12:35:00.986+05:30  INFO 17204 --- [http-nio-1234-exec-1] o.s.web.servlet.DispatcherServlet        : Initializing Servlet 'dispatcherServlet'
2024-01-04T12:35:00.987+05:30  INFO 17204 --- [http-nio-1234-exec-1] o.s.web.servlet.DispatcherServlet        : Completed initialization in 1 ms
2024-01-04T12:35:01.115+05:30  INFO 17204 --- [http-nio-1234-exec-1] c.e.event.contoller.EventController      : Posting
2024-01-04T12:35:01.115+05:30  INFO 17204 --- [http-nio-1234-exec-1] c.e.event.contoller.EventController      : recieved req from post mapping
2024-01-04T12:35:04.058+05:30  INFO 17204 --- [http-nio-1234-exec-3] c.e.event.contoller.EventController      : Posting
2024-01-04T12:35:04.058+05:30  INFO 17204 --- [http-nio-1234-exec-3] c.e.event.contoller.EventController      : recieved req from post mapping
2024-01-04T12:35:04.060+05:30 ERROR 17204 --- [http-nio-1234-exec-3] c.e.event.contoller.EventController      : exceptionEvent already undi
2024-01-04T12:39:35.775+05:30  INFO 17204 --- [http-nio-1234-exec-5] c.e.event.contoller.EventController      : Posting
2024-01-04T12:39:35.776+05:30  INFO 17204 --- [http-nio-1234-exec-5] c.e.event.contoller.EventController      : recieved req from post mapping
2024-01-04T12:39:35.777+05:30 ERROR 17204 --- [http-nio-1234-exec-5] c.e.event.contoller.EventController      : exceptionEvent already undi
2024-01-04T12:39:38.912+05:30  INFO 17204 --- [RMI TCP Connection(13)-127.0.0.1] inMXBeanRegistrar$SpringApplicationAdmin : Application shutdown requested.
2024-01-04T12:39:38.942+05:30  INFO 17204 --- [RMI TCP Connection(13)-127.0.0.1] j.LocalContainerEntityManagerFactoryBean : Closing JPA EntityManagerFactory for persistence unit 'default'
2024-01-04T12:39:38.945+05:30  INFO 17204 --- [RMI TCP Connection(13)-127.0.0.1] com.zaxxer.hikari.HikariDataSource       : HikariPool-1 - Shutdown initiated...
2024-01-04T12:39:39.188+05:30  INFO 17204 --- [RMI TCP Connection(13)-127.0.0.1] com.zaxxer.hikari.HikariDataSource       : HikariPool-1 - Shutdown completed.
2024-01-04T12:39:44.361+05:30  INFO 36228 --- [main] com.example.event.EventApplication       : Starting EventApplication using Java 17.0.9 with PID 36228 (C:\Users\rohith_burle\Desktop\Spring\event\event\target\classes started by rohith_burle in C:\Users\rohith_burle\Desktop\Spring\event\event)
2024-01-04T12:39:44.364+05:30  INFO 36228 --- [main] com.example.event.EventApplication       : No active profile set, falling back to 1 default profile: "default"
2024-01-04T12:39:45.172+05:30  INFO 36228 --- [main] .s.d.r.c.RepositoryConfigurationDelegate : Bootstrapping Spring Data JPA repositories in DEFAULT mode.
2024-01-04T12:39:45.238+05:30  INFO 36228 --- [main] .s.d.r.c.RepositoryConfigurationDelegate : Finished Spring Data repository scanning in 57 ms. Found 1 JPA repository interface.
2024-01-04T12:39:45.739+05:30  INFO 36228 --- [main] o.s.b.w.embedded.tomcat.TomcatWebServer  : Tomcat initialized with port 1234 (http)
2024-01-04T12:39:45.753+05:30  INFO 36228 --- [main] o.apache.catalina.core.StandardService   : Starting service [Tomcat]
2024-01-04T12:39:45.753+05:30  INFO 36228 --- [main] o.apache.catalina.core.StandardEngine    : Starting Servlet engine: [Apache Tomcat/10.1.17]
2024-01-04T12:39:45.835+05:30  INFO 36228 --- [main] o.a.c.c.C.[Tomcat].[localhost].[/]       : Initializing Spring embedded WebApplicationContext
2024-01-04T12:39:45.835+05:30  INFO 36228 --- [main] w.s.c.ServletWebServerApplicationContext : Root WebApplicationContext: initialization completed in 1410 ms
2024-01-04T12:39:45.869+05:30  INFO 36228 --- [main] com.zaxxer.hikari.HikariDataSource       : HikariPool-1 - Starting...
2024-01-04T12:39:46.130+05:30  INFO 36228 --- [main] com.zaxxer.hikari.pool.HikariPool        : HikariPool-1 - Added connection conn0: url=jdbc:h2:file:C:\Users\rohith_burle\events user=DATABASE
2024-01-04T12:39:46.133+05:30  INFO 36228 --- [main] com.zaxxer.hikari.HikariDataSource       : HikariPool-1 - Start completed.
2024-01-04T12:39:46.145+05:30  INFO 36228 --- [main] o.s.b.a.h2.H2ConsoleAutoConfiguration    : H2 console available at '/h2-rohith'. Database available at 'jdbc:h2:file:C:\Users\rohith_burle\events'
2024-01-04T12:39:46.284+05:30  INFO 36228 --- [main] o.hibernate.jpa.internal.util.LogHelper  : HHH000204: Processing PersistenceUnitInfo [name: default]
2024-01-04T12:39:46.361+05:30  INFO 36228 --- [main] org.hibernate.Version                    : HHH000412: Hibernate ORM core version 6.4.1.Final
2024-01-04T12:39:46.407+05:30  INFO 36228 --- [main] o.h.c.internal.RegionFactoryInitiator    : HHH000026: Second-level cache disabled
2024-01-04T12:39:46.697+05:30  INFO 36228 --- [main] o.s.o.j.p.SpringPersistenceUnitInfo      : No LoadTimeWeaver setup: ignoring JPA class transformer
2024-01-04T12:39:46.757+05:30  WARN 36228 --- [main] org.hibernate.orm.deprecation            : HHH90000025: H2Dialect does not need to be specified explicitly using 'hibernate.dialect' (remove the property setting and it will be selected by default)
2024-01-04T12:39:47.695+05:30  INFO 36228 --- [main] o.h.e.t.j.p.i.JtaPlatformInitiator       : HHH000489: No JTA platform available (set 'hibernate.transaction.jta.platform' to enable JTA platform integration)
2024-01-04T12:39:47.756+05:30  INFO 36228 --- [main] j.LocalContainerEntityManagerFactoryBean : Initialized JPA EntityManagerFactory for persistence unit 'default'
2024-01-04T12:39:48.163+05:30  WARN 36228 --- [main] JpaBaseConfiguration$JpaWebConfiguration : spring.jpa.open-in-view is enabled by default. Therefore, database queries may be performed during view rendering. Explicitly configure spring.jpa.open-in-view to disable this warning
2024-01-04T12:39:48.658+05:30  INFO 36228 --- [main] o.s.b.w.embedded.tomcat.TomcatWebServer  : Tomcat started on port 1234 (http) with context path ''
2024-01-04T12:39:48.670+05:30  INFO 36228 --- [main] com.example.event.EventApplication       : Started EventApplication in 4.781 seconds (process running for 5.728)
2024-01-04T12:39:58.746+05:30  INFO 36228 --- [http-nio-1234-exec-2] o.a.c.c.C.[Tomcat].[localhost].[/]       : Initializing Spring DispatcherServlet 'dispatcherServlet'
2024-01-04T12:39:58.747+05:30  INFO 36228 --- [http-nio-1234-exec-2] o.s.web.servlet.DispatcherServlet        : Initializing Servlet 'dispatcherServlet'
2024-01-04T12:39:58.749+05:30  INFO 36228 --- [http-nio-1234-exec-2] o.s.web.servlet.DispatcherServlet        : Completed initialization in 2 ms
2024-01-04T12:39:58.901+05:30  INFO 36228 --- [http-nio-1234-exec-2] c.e.event.contoller.EventController      : Posting
2024-01-04T12:39:58.902+05:30  INFO 36228 --- [http-nio-1234-exec-2] c.e.event.contoller.EventController      : recieved req from post mapping
2024-01-04T12:40:04.793+05:30  INFO 36228 --- [http-nio-1234-exec-3] c.e.event.contoller.EventController      : Posting
2024-01-04T12:40:04.793+05:30  INFO 36228 --- [http-nio-1234-exec-3] c.e.event.contoller.EventController      : recieved req from post mapping
2024-01-04T12:40:04.796+05:30 ERROR 36228 --- [http-nio-1234-exec-3] c.e.event.contoller.EventController      : Returning the data
2024-01-04T12:40:33.888+05:30  INFO 36228 --- [RMI TCP Connection(7)-127.0.0.1] inMXBeanRegistrar$SpringApplicationAdmin : Application shutdown requested.
2024-01-04T12:40:33.922+05:30  INFO 36228 --- [RMI TCP Connection(7)-127.0.0.1] j.LocalContainerEntityManagerFactoryBean : Closing JPA EntityManagerFactory for persistence unit 'default'
2024-01-04T12:40:33.924+05:30  INFO 36228 --- [RMI TCP Connection(7)-127.0.0.1] com.zaxxer.hikari.HikariDataSource       : HikariPool-1 - Shutdown initiated...
2024-01-04T12:40:33.978+05:30  INFO 36228 --- [RMI TCP Connection(7)-127.0.0.1] com.zaxxer.hikari.HikariDataSource       : HikariPool-1 - Shutdown completed.
2024-01-04T12:40:40.483+05:30  INFO 33028 --- [main] com.example.event.EventApplication       : Starting EventApplication using Java 17.0.9 with PID 33028 (C:\Users\rohith_burle\Desktop\Spring\event\event\target\classes started by rohith_burle in C:\Users\rohith_burle\Desktop\Spring\event\event)
2024-01-04T12:40:40.487+05:30  INFO 33028 --- [main] com.example.event.EventApplication       : No active profile set, falling back to 1 default profile: "default"
2024-01-04T12:40:41.254+05:30  INFO 33028 --- [main] .s.d.r.c.RepositoryConfigurationDelegate : Bootstrapping Spring Data JPA repositories in DEFAULT mode.
2024-01-04T12:40:41.319+05:30  INFO 33028 --- [main] .s.d.r.c.RepositoryConfigurationDelegate : Finished Spring Data repository scanning in 56 ms. Found 1 JPA repository interface.
2024-01-04T12:40:41.814+05:30  INFO 33028 --- [main] o.s.b.w.embedded.tomcat.TomcatWebServer  : Tomcat initialized with port 1234 (http)
2024-01-04T12:40:41.828+05:30  INFO 33028 --- [main] o.apache.catalina.core.StandardService   : Starting service [Tomcat]
2024-01-04T12:40:41.828+05:30  INFO 33028 --- [main] o.apache.catalina.core.StandardEngine    : Starting Servlet engine: [Apache Tomcat/10.1.17]
2024-01-04T12:40:41.912+05:30  INFO 33028 --- [main] o.a.c.c.C.[Tomcat].[localhost].[/]       : Initializing Spring embedded WebApplicationContext
2024-01-04T12:40:41.913+05:30  INFO 33028 --- [main] w.s.c.ServletWebServerApplicationContext : Root WebApplicationContext: initialization completed in 1358 ms
2024-01-04T12:40:41.950+05:30  INFO 33028 --- [main] com.zaxxer.hikari.HikariDataSource       : HikariPool-1 - Starting...
2024-01-04T12:40:42.234+05:30  INFO 33028 --- [main] com.zaxxer.hikari.pool.HikariPool        : HikariPool-1 - Added connection conn0: url=jdbc:h2:file:C:\Users\rohith_burle\events user=DATABASE
2024-01-04T12:40:42.236+05:30  INFO 33028 --- [main] com.zaxxer.hikari.HikariDataSource       : HikariPool-1 - Start completed.
2024-01-04T12:40:42.250+05:30  INFO 33028 --- [main] o.s.b.a.h2.H2ConsoleAutoConfiguration    : H2 console available at '/h2-rohith'. Database available at 'jdbc:h2:file:C:\Users\rohith_burle\events'
2024-01-04T12:40:42.400+05:30  INFO 33028 --- [main] o.hibernate.jpa.internal.util.LogHelper  : HHH000204: Processing PersistenceUnitInfo [name: default]
2024-01-04T12:40:42.485+05:30  INFO 33028 --- [main] org.hibernate.Version                    : HHH000412: Hibernate ORM core version 6.4.1.Final
2024-01-04T12:40:42.529+05:30  INFO 33028 --- [main] o.h.c.internal.RegionFactoryInitiator    : HHH000026: Second-level cache disabled
2024-01-04T12:40:42.816+05:30  INFO 33028 --- [main] o.s.o.j.p.SpringPersistenceUnitInfo      : No LoadTimeWeaver setup: ignoring JPA class transformer
2024-01-04T12:40:42.876+05:30  WARN 33028 --- [main] org.hibernate.orm.deprecation            : HHH90000025: H2Dialect does not need to be specified explicitly using 'hibernate.dialect' (remove the property setting and it will be selected by default)
2024-01-04T12:40:43.849+05:30  INFO 33028 --- [main] o.h.e.t.j.p.i.JtaPlatformInitiator       : HHH000489: No JTA platform available (set 'hibernate.transaction.jta.platform' to enable JTA platform integration)
2024-01-04T12:40:43.919+05:30  INFO 33028 --- [main] j.LocalContainerEntityManagerFactoryBean : Initialized JPA EntityManagerFactory for persistence unit 'default'
2024-01-04T12:40:44.394+05:30  WARN 33028 --- [main] JpaBaseConfiguration$JpaWebConfiguration : spring.jpa.open-in-view is enabled by default. Therefore, database queries may be performed during view rendering. Explicitly configure spring.jpa.open-in-view to disable this warning
2024-01-04T12:40:44.857+05:30  INFO 33028 --- [main] o.s.b.w.embedded.tomcat.TomcatWebServer  : Tomcat started on port 1234 (http) with context path ''
2024-01-04T12:40:44.868+05:30  INFO 33028 --- [main] com.example.event.EventApplication       : Started EventApplication in 4.882 seconds (process running for 5.826)
2024-01-04T12:40:48.858+05:30  INFO 33028 --- [http-nio-1234-exec-2] o.a.c.c.C.[Tomcat].[localhost].[/]       : Initializing Spring DispatcherServlet 'dispatcherServlet'
2024-01-04T12:40:48.859+05:30  INFO 33028 --- [http-nio-1234-exec-2] o.s.web.servlet.DispatcherServlet        : Initializing Servlet 'dispatcherServlet'
2024-01-04T12:40:48.860+05:30  INFO 33028 --- [http-nio-1234-exec-2] o.s.web.servlet.DispatcherServlet        : Completed initialization in 1 ms
2024-01-04T12:40:48.984+05:30  INFO 33028 --- [http-nio-1234-exec-2] c.e.event.contoller.EventController      : Posting
2024-01-04T12:40:48.984+05:30  INFO 33028 --- [http-nio-1234-exec-2] c.e.event.contoller.EventController      : recieved req from post mapping
2024-01-04T12:40:49.479+05:30 ERROR 33028 --- [http-nio-1234-exec-2] c.e.event.contoller.EventController      : exceptionEvent already Exists
2024-01-04T12:55:04.789+05:30  INFO 33028 --- [http-nio-1234-exec-3] c.e.event.contoller.EventController      : Posting
2024-01-04T12:55:04.789+05:30  INFO 33028 --- [http-nio-1234-exec-3] c.e.event.contoller.EventController      : recieved req from post mapping
2024-01-04T12:55:04.792+05:30 ERROR 33028 --- [http-nio-1234-exec-3] c.e.event.contoller.EventController      : exceptionEvent already Exists
2024-01-04T12:55:07.981+05:30  INFO 33028 --- [RMI TCP Connection(24)-127.0.0.1] inMXBeanRegistrar$SpringApplicationAdmin : Application shutdown requested.
2024-01-04T12:55:08.013+05:30  INFO 33028 --- [RMI TCP Connection(24)-127.0.0.1] j.LocalContainerEntityManagerFactoryBean : Closing JPA EntityManagerFactory for persistence unit 'default'
2024-01-04T12:55:08.015+05:30  INFO 33028 --- [RMI TCP Connection(24)-127.0.0.1] com.zaxxer.hikari.HikariDataSource       : HikariPool-1 - Shutdown initiated...
2024-01-04T12:55:08.384+05:30  INFO 33028 --- [RMI TCP Connection(24)-127.0.0.1] com.zaxxer.hikari.HikariDataSource       : HikariPool-1 - Shutdown completed.
2024-01-04T12:55:13.666+05:30  INFO 72616 --- [main] com.example.event.EventApplication       : Starting EventApplication using Java 17.0.9 with PID 72616 (C:\Users\rohith_burle\Desktop\Spring\event\event\target\classes started by rohith_burle in C:\Users\rohith_burle\Desktop\Spring\event\event)
2024-01-04T12:55:13.669+05:30  INFO 72616 --- [main] com.example.event.EventApplication       : No active profile set, falling back to 1 default profile: "default"
2024-01-04T12:55:14.472+05:30  INFO 72616 --- [main] .s.d.r.c.RepositoryConfigurationDelegate : Bootstrapping Spring Data JPA repositories in DEFAULT mode.
2024-01-04T12:55:14.550+05:30  INFO 72616 --- [main] .s.d.r.c.RepositoryConfigurationDelegate : Finished Spring Data repository scanning in 63 ms. Found 1 JPA repository interface.
2024-01-04T12:55:15.121+05:30  INFO 72616 --- [main] o.s.b.w.embedded.tomcat.TomcatWebServer  : Tomcat initialized with port 1234 (http)
2024-01-04T12:55:15.135+05:30  INFO 72616 --- [main] o.apache.catalina.core.StandardService   : Starting service [Tomcat]
2024-01-04T12:55:15.136+05:30  INFO 72616 --- [main] o.apache.catalina.core.StandardEngine    : Starting Servlet engine: [Apache Tomcat/10.1.17]
2024-01-04T12:55:15.228+05:30  INFO 72616 --- [main] o.a.c.c.C.[Tomcat].[localhost].[/]       : Initializing Spring embedded WebApplicationContext
2024-01-04T12:55:15.229+05:30  INFO 72616 --- [main] w.s.c.ServletWebServerApplicationContext : Root WebApplicationContext: initialization completed in 1512 ms
2024-01-04T12:55:15.263+05:30  INFO 72616 --- [main] com.zaxxer.hikari.HikariDataSource       : HikariPool-1 - Starting...
2024-01-04T12:55:15.543+05:30  INFO 72616 --- [main] com.zaxxer.hikari.pool.HikariPool        : HikariPool-1 - Added connection conn0: url=jdbc:h2:file:C:\Users\rohith_burle\events user=DATABASE
2024-01-04T12:55:15.545+05:30  INFO 72616 --- [main] com.zaxxer.hikari.HikariDataSource       : HikariPool-1 - Start completed.
2024-01-04T12:55:15.557+05:30  INFO 72616 --- [main] o.s.b.a.h2.H2ConsoleAutoConfiguration    : H2 console available at '/h2-rohith'. Database available at 'jdbc:h2:file:C:\Users\rohith_burle\events'
2024-01-04T12:55:15.697+05:30  INFO 72616 --- [main] o.hibernate.jpa.internal.util.LogHelper  : HHH000204: Processing PersistenceUnitInfo [name: default]
2024-01-04T12:55:15.795+05:30  INFO 72616 --- [main] org.hibernate.Version                    : HHH000412: Hibernate ORM core version 6.4.1.Final
2024-01-04T12:55:15.848+05:30  INFO 72616 --- [main] o.h.c.internal.RegionFactoryInitiator    : HHH000026: Second-level cache disabled
2024-01-04T12:55:16.140+05:30  INFO 72616 --- [main] o.s.o.j.p.SpringPersistenceUnitInfo      : No LoadTimeWeaver setup: ignoring JPA class transformer
2024-01-04T12:55:16.195+05:30  WARN 72616 --- [main] org.hibernate.orm.deprecation            : HHH90000025: H2Dialect does not need to be specified explicitly using 'hibernate.dialect' (remove the property setting and it will be selected by default)
2024-01-04T12:55:17.149+05:30  INFO 72616 --- [main] o.h.e.t.j.p.i.JtaPlatformInitiator       : HHH000489: No JTA platform available (set 'hibernate.transaction.jta.platform' to enable JTA platform integration)
2024-01-04T12:55:17.210+05:30  INFO 72616 --- [main] j.LocalContainerEntityManagerFactoryBean : Initialized JPA EntityManagerFactory for persistence unit 'default'
2024-01-04T12:55:17.616+05:30  WARN 72616 --- [main] JpaBaseConfiguration$JpaWebConfiguration : spring.jpa.open-in-view is enabled by default. Therefore, database queries may be performed during view rendering. Explicitly configure spring.jpa.open-in-view to disable this warning
2024-01-04T12:55:18.116+05:30  INFO 72616 --- [main] o.s.b.w.embedded.tomcat.TomcatWebServer  : Tomcat started on port 1234 (http) with context path ''
2024-01-04T12:55:18.132+05:30  INFO 72616 --- [main] com.example.event.EventApplication       : Started EventApplication in 4.957 seconds (process running for 5.893)
2024-01-04T12:55:27.201+05:30  INFO 72616 --- [http-nio-1234-exec-1] o.a.c.c.C.[Tomcat].[localhost].[/]       : Initializing Spring DispatcherServlet 'dispatcherServlet'
2024-01-04T12:55:27.201+05:30  INFO 72616 --- [http-nio-1234-exec-1] o.s.web.servlet.DispatcherServlet        : Initializing Servlet 'dispatcherServlet'
2024-01-04T12:55:27.203+05:30  INFO 72616 --- [http-nio-1234-exec-1] o.s.web.servlet.DispatcherServlet        : Completed initialization in 2 ms
2024-01-04T12:55:27.340+05:30  INFO 72616 --- [http-nio-1234-exec-1] c.e.event.contoller.EventController      : Posting
2024-01-04T12:55:27.340+05:30  INFO 72616 --- [http-nio-1234-exec-1] c.e.event.contoller.EventController      : recieved req from post mapping
2024-01-04T12:55:27.819+05:30 ERROR 72616 --- [http-nio-1234-exec-1] c.e.event.contoller.EventController      : Returning the data
2024-01-04T12:57:08.886+05:30  INFO 72616 --- [http-nio-1234-exec-4] c.e.event.contoller.EventController      : Updating if only present
2024-01-04T12:57:08.887+05:30  INFO 72616 --- [http-nio-1234-exec-4] c.e.event.contoller.EventController      : recieved req from put mapping
2024-01-04T12:57:15.664+05:30  INFO 72616 --- [http-nio-1234-exec-6] c.e.event.contoller.EventController      : Retrive all events
2024-01-04T12:57:15.665+05:30  INFO 72616 --- [http-nio-1234-exec-6] c.e.event.contoller.EventController      : recieved request for Get method 
2024-01-04T12:57:38.262+05:30  INFO 72616 --- [http-nio-1234-exec-7] c.e.event.contoller.EventController      : Updating if only present
2024-01-04T12:57:38.262+05:30  INFO 72616 --- [http-nio-1234-exec-7] c.e.event.contoller.EventController      : recieved req from put mapping
2024-01-04T12:57:38.263+05:30 ERROR 72616 --- [http-nio-1234-exec-7] c.e.event.contoller.EventController      : raising an EventNotExists Exception
2024-01-04T12:57:38.264+05:30 ERROR 72616 --- [http-nio-1234-exec-7] c.e.event.contoller.EventController      : EventNotExistsException: the event is not present so i cant update the data
2024-01-04T14:04:53.293+05:30  INFO 72616 --- [http-nio-1234-exec-9] c.e.event.contoller.EventController      : Posting
2024-01-04T14:04:53.294+05:30  INFO 72616 --- [http-nio-1234-exec-9] c.e.event.contoller.EventController      : recieved req from post mapping
2024-01-04T14:04:53.294+05:30 ERROR 72616 --- [http-nio-1234-exec-9] c.e.event.contoller.EventController      : raising an NotNullException
2024-01-04T14:04:53.295+05:30 ERROR 72616 --- [http-nio-1234-exec-9] c.e.event.contoller.EventController      : exceptionFailure because event Id is null
2024-01-04T14:05:05.147+05:30  INFO 72616 --- [http-nio-1234-exec-1] c.e.event.contoller.EventController      : Posting
2024-01-04T14:05:05.148+05:30  INFO 72616 --- [http-nio-1234-exec-1] c.e.event.contoller.EventController      : recieved req from post mapping
2024-01-04T14:05:05.148+05:30 ERROR 72616 --- [http-nio-1234-exec-1] c.e.event.contoller.EventController      : raising NonEmptyException
2024-01-04T14:05:05.148+05:30 ERROR 72616 --- [http-nio-1234-exec-1] c.e.event.contoller.EventController      : exceptionFailure because event id is empty
2024-01-04T14:33:03.706+05:30  INFO 72616 --- [http-nio-1234-exec-5] c.e.event.contoller.EventController      : Retrive all events
2024-01-04T14:33:03.706+05:30  INFO 72616 --- [http-nio-1234-exec-5] c.e.event.contoller.EventController      : recieved request for Get method 
2024-01-04T14:33:12.185+05:30  INFO 72616 --- [http-nio-1234-exec-4] c.e.event.contoller.EventController      : Deleting the specifc event
2024-01-04T14:33:12.189+05:30  INFO 72616 --- [http-nio-1234-exec-4] c.e.event.contoller.EventController      : Request from delete mapping
2024-01-04T14:33:20.808+05:30  INFO 72616 --- [http-nio-1234-exec-6] c.e.event.contoller.EventController      : Deleting the specifc event
2024-01-04T14:33:20.812+05:30 ERROR 72616 --- [http-nio-1234-exec-6] c.e.event.contoller.EventController      : raising an Exception
2024-01-04T14:33:20.813+05:30 ERROR 72616 --- [http-nio-1234-exec-6] c.e.event.contoller.EventController      : Cant delete the eventThe event with ID 5000 is not present
2024-01-04T14:33:31.348+05:30  INFO 72616 --- [http-nio-1234-exec-7] c.e.event.contoller.EventController      : Deleting the specifc event
2024-01-04T14:33:31.349+05:30  INFO 72616 --- [http-nio-1234-exec-7] c.e.event.contoller.EventController      : Request from delete mapping
2024-01-04T14:34:16.423+05:30  INFO 72616 --- [RMI TCP Connection(105)-127.0.0.1] inMXBeanRegistrar$SpringApplicationAdmin : Application shutdown requested.
2024-01-04T14:34:16.524+05:30  INFO 72616 --- [RMI TCP Connection(105)-127.0.0.1] j.LocalContainerEntityManagerFactoryBean : Closing JPA EntityManagerFactory for persistence unit 'default'
2024-01-04T14:34:16.531+05:30  INFO 72616 --- [RMI TCP Connection(105)-127.0.0.1] com.zaxxer.hikari.HikariDataSource       : HikariPool-1 - Shutdown initiated...
2024-01-04T14:34:16.760+05:30  INFO 72616 --- [RMI TCP Connection(105)-127.0.0.1] com.zaxxer.hikari.HikariDataSource       : HikariPool-1 - Shutdown completed.
2024-01-04T14:34:21.577+05:30  INFO 52264 --- [main] com.example.event.EventApplication       : Starting EventApplication using Java 17.0.9 with PID 52264 (C:\Users\rohith_burle\Desktop\Spring\event\event\target\classes started by rohith_burle in C:\Users\rohith_burle\Desktop\Spring\event\event)
2024-01-04T14:34:21.580+05:30  INFO 52264 --- [main] com.example.event.EventApplication       : No active profile set, falling back to 1 default profile: "default"
2024-01-04T14:34:22.374+05:30  INFO 52264 --- [main] .s.d.r.c.RepositoryConfigurationDelegate : Bootstrapping Spring Data JPA repositories in DEFAULT mode.
2024-01-04T14:34:22.464+05:30  INFO 52264 --- [main] .s.d.r.c.RepositoryConfigurationDelegate : Finished Spring Data repository scanning in 77 ms. Found 1 JPA repository interface.
2024-01-04T14:34:23.041+05:30  INFO 52264 --- [main] o.s.b.w.embedded.tomcat.TomcatWebServer  : Tomcat initialized with port 1234 (http)
2024-01-04T14:34:23.068+05:30  INFO 52264 --- [main] o.apache.catalina.core.StandardService   : Starting service [Tomcat]
2024-01-04T14:34:23.069+05:30  INFO 52264 --- [main] o.apache.catalina.core.StandardEngine    : Starting Servlet engine: [Apache Tomcat/10.1.17]
2024-01-04T14:34:23.164+05:30  INFO 52264 --- [main] o.a.c.c.C.[Tomcat].[localhost].[/]       : Initializing Spring embedded WebApplicationContext
2024-01-04T14:34:23.165+05:30  INFO 52264 --- [main] w.s.c.ServletWebServerApplicationContext : Root WebApplicationContext: initialization completed in 1538 ms
2024-01-04T14:34:23.201+05:30  INFO 52264 --- [main] com.zaxxer.hikari.HikariDataSource       : HikariPool-1 - Starting...
2024-01-04T14:34:23.498+05:30  INFO 52264 --- [main] com.zaxxer.hikari.pool.HikariPool        : HikariPool-1 - Added connection conn0: url=jdbc:h2:file:C:\Users\rohith_burle\events user=DATABASE
2024-01-04T14:34:23.501+05:30  INFO 52264 --- [main] com.zaxxer.hikari.HikariDataSource       : HikariPool-1 - Start completed.
2024-01-04T14:34:23.516+05:30  INFO 52264 --- [main] o.s.b.a.h2.H2ConsoleAutoConfiguration    : H2 console available at '/h2-rohith'. Database available at 'jdbc:h2:file:C:\Users\rohith_burle\events'
2024-01-04T14:34:23.936+05:30  INFO 52264 --- [main] o.hibernate.jpa.internal.util.LogHelper  : HHH000204: Processing PersistenceUnitInfo [name: default]
2024-01-04T14:34:24.008+05:30  INFO 52264 --- [main] org.hibernate.Version                    : HHH000412: Hibernate ORM core version 6.4.1.Final
2024-01-04T14:34:24.056+05:30  INFO 52264 --- [main] o.h.c.internal.RegionFactoryInitiator    : HHH000026: Second-level cache disabled
2024-01-04T14:34:24.339+05:30  INFO 52264 --- [main] o.s.o.j.p.SpringPersistenceUnitInfo      : No LoadTimeWeaver setup: ignoring JPA class transformer
2024-01-04T14:34:24.399+05:30  WARN 52264 --- [main] org.hibernate.orm.deprecation            : HHH90000025: H2Dialect does not need to be specified explicitly using 'hibernate.dialect' (remove the property setting and it will be selected by default)
2024-01-04T14:34:25.362+05:30  INFO 52264 --- [main] o.h.e.t.j.p.i.JtaPlatformInitiator       : HHH000489: No JTA platform available (set 'hibernate.transaction.jta.platform' to enable JTA platform integration)
2024-01-04T14:34:25.426+05:30  INFO 52264 --- [main] j.LocalContainerEntityManagerFactoryBean : Initialized JPA EntityManagerFactory for persistence unit 'default'
2024-01-04T14:34:25.894+05:30  WARN 52264 --- [main] JpaBaseConfiguration$JpaWebConfiguration : spring.jpa.open-in-view is enabled by default. Therefore, database queries may be performed during view rendering. Explicitly configure spring.jpa.open-in-view to disable this warning
2024-01-04T14:34:26.422+05:30  INFO 52264 --- [main] o.s.b.w.embedded.tomcat.TomcatWebServer  : Tomcat started on port 1234 (http) with context path ''
2024-01-04T14:34:26.434+05:30  INFO 52264 --- [main] com.example.event.EventApplication       : Started EventApplication in 5.351 seconds (process running for 6.304)
2024-01-04T14:34:34.103+05:30  INFO 52264 --- [http-nio-1234-exec-1] o.a.c.c.C.[Tomcat].[localhost].[/]       : Initializing Spring DispatcherServlet 'dispatcherServlet'
2024-01-04T14:34:34.103+05:30  INFO 52264 --- [http-nio-1234-exec-1] o.s.web.servlet.DispatcherServlet        : Initializing Servlet 'dispatcherServlet'
2024-01-04T14:34:34.105+05:30  INFO 52264 --- [http-nio-1234-exec-1] o.s.web.servlet.DispatcherServlet        : Completed initialization in 2 ms
2024-01-04T14:34:34.160+05:30  INFO 52264 --- [http-nio-1234-exec-1] c.e.event.contoller.EventController      : specific event
2024-01-04T14:34:34.639+05:30 ERROR 52264 --- [http-nio-1234-exec-1] c.e.event.contoller.EventController      : exceptionevent id is no string not present
2024-01-04T14:34:47.231+05:30  INFO 52264 --- [http-nio-1234-exec-4] c.e.event.contoller.EventController      : Retrive all events
2024-01-04T14:34:47.231+05:30  INFO 52264 --- [http-nio-1234-exec-4] c.e.event.contoller.EventController      : recieved request for Get method 
2024-01-04T14:35:26.201+05:30  INFO 52264 --- [http-nio-1234-exec-5] c.e.event.contoller.EventController      : Deleting the specifc event
2024-01-04T14:35:26.204+05:30  INFO 52264 --- [http-nio-1234-exec-5] c.e.event.contoller.EventController      : Request from delete mapping
2024-01-04T14:38:32.634+05:30  INFO 52264 --- [RMI TCP Connection(11)-127.0.0.1] inMXBeanRegistrar$SpringApplicationAdmin : Application shutdown requested.
2024-01-04T14:38:32.661+05:30  INFO 52264 --- [RMI TCP Connection(11)-127.0.0.1] j.LocalContainerEntityManagerFactoryBean : Closing JPA EntityManagerFactory for persistence unit 'default'
2024-01-04T14:38:32.663+05:30  INFO 52264 --- [RMI TCP Connection(11)-127.0.0.1] com.zaxxer.hikari.HikariDataSource       : HikariPool-1 - Shutdown initiated...
2024-01-04T14:38:33.090+05:30  INFO 52264 --- [RMI TCP Connection(11)-127.0.0.1] com.zaxxer.hikari.HikariDataSource       : HikariPool-1 - Shutdown completed.
2024-01-04T14:39:05.555+05:30  INFO 84668 --- [restartedMain] com.example.event.EventApplication       : Starting EventApplication using Java 17.0.9 with PID 84668 (C:\Users\rohith_burle\Desktop\Spring\event\event\target\classes started by rohith_burle in C:\Users\rohith_burle\Desktop\Spring\event\event)
2024-01-04T14:39:05.556+05:30  INFO 84668 --- [restartedMain] com.example.event.EventApplication       : No active profile set, falling back to 1 default profile: "default"
2024-01-04T14:39:05.974+05:30  INFO 84668 --- [restartedMain] .s.d.r.c.RepositoryConfigurationDelegate : Bootstrapping Spring Data JPA repositories in DEFAULT mode.
2024-01-04T14:39:05.993+05:30  INFO 84668 --- [restartedMain] .s.d.r.c.RepositoryConfigurationDelegate : Finished Spring Data repository scanning in 16 ms. Found 1 JPA repository interface.
2024-01-04T14:39:06.147+05:30  INFO 84668 --- [restartedMain] o.s.b.w.embedded.tomcat.TomcatWebServer  : Tomcat initialized with port 1234 (http)
2024-01-04T14:39:06.148+05:30  INFO 84668 --- [restartedMain] o.apache.catalina.core.StandardService   : Starting service [Tomcat]
2024-01-04T14:39:06.148+05:30  INFO 84668 --- [restartedMain] o.apache.catalina.core.StandardEngine    : Starting Servlet engine: [Apache Tomcat/10.1.17]
2024-01-04T14:39:06.187+05:30  INFO 84668 --- [restartedMain] o.a.c.c.C.[Tomcat].[localhost].[/]       : Initializing Spring embedded WebApplicationContext
2024-01-04T14:39:06.188+05:30  INFO 84668 --- [restartedMain] w.s.c.ServletWebServerApplicationContext : Root WebApplicationContext: initialization completed in 628 ms
2024-01-04T14:39:06.205+05:30  INFO 84668 --- [restartedMain] com.zaxxer.hikari.HikariDataSource       : HikariPool-2 - Starting...
2024-01-04T14:39:06.277+05:30  INFO 84668 --- [restartedMain] com.zaxxer.hikari.pool.HikariPool        : HikariPool-2 - Added connection conn10: url=jdbc:h2:file:C:\Users\rohith_burle\events user=DATABASE
2024-01-04T14:39:06.278+05:30  INFO 84668 --- [restartedMain] com.zaxxer.hikari.HikariDataSource       : HikariPool-2 - Start completed.
2024-01-04T14:39:06.278+05:30  INFO 84668 --- [restartedMain] o.s.b.a.h2.H2ConsoleAutoConfiguration    : H2 console available at '/h2-rohith'. Database available at 'jdbc:h2:file:C:\Users\rohith_burle\events'
2024-01-04T14:39:06.303+05:30  INFO 84668 --- [restartedMain] o.hibernate.jpa.internal.util.LogHelper  : HHH000204: Processing PersistenceUnitInfo [name: default]
2024-01-04T14:39:06.308+05:30  INFO 84668 --- [restartedMain] o.h.c.internal.RegionFactoryInitiator    : HHH000026: Second-level cache disabled
2024-01-04T14:39:06.314+05:30  INFO 84668 --- [restartedMain] o.s.o.j.p.SpringPersistenceUnitInfo      : No LoadTimeWeaver setup: ignoring JPA class transformer
2024-01-04T14:39:06.318+05:30  WARN 84668 --- [restartedMain] org.hibernate.orm.deprecation            : HHH90000025: H2Dialect does not need to be specified explicitly using 'hibernate.dialect' (remove the property setting and it will be selected by default)
2024-01-04T14:39:06.354+05:30  INFO 84668 --- [restartedMain] o.h.e.t.j.p.i.JtaPlatformInitiator       : HHH000489: No JTA platform available (set 'hibernate.transaction.jta.platform' to enable JTA platform integration)
2024-01-04T14:39:06.397+05:30  INFO 84668 --- [restartedMain] j.LocalContainerEntityManagerFactoryBean : Initialized JPA EntityManagerFactory for persistence unit 'default'
2024-01-04T14:39:06.504+05:30  WARN 84668 --- [restartedMain] JpaBaseConfiguration$JpaWebConfiguration : spring.jpa.open-in-view is enabled by default. Therefore, database queries may be performed during view rendering. Explicitly configure spring.jpa.open-in-view to disable this warning
2024-01-04T14:39:06.695+05:30  INFO 84668 --- [restartedMain] o.s.b.d.a.OptionalLiveReloadServer       : LiveReload server is running on port 35729
2024-01-04T14:39:06.721+05:30  INFO 84668 --- [restartedMain] o.s.b.w.embedded.tomcat.TomcatWebServer  : Tomcat started on port 1234 (http) with context path ''
2024-01-04T14:39:06.732+05:30  INFO 84668 --- [restartedMain] com.example.event.EventApplication       : Started EventApplication in 1.253 seconds (process running for 18.115)
2024-01-04T14:39:06.735+05:30  INFO 84668 --- [restartedMain] .ConditionEvaluationDeltaLoggingListener : Condition evaluation unchanged
2024-01-04T16:14:37.327+05:30  INFO 84668 --- [http-nio-1234-exec-2] o.a.c.c.C.[Tomcat].[localhost].[/]       : Initializing Spring DispatcherServlet 'dispatcherServlet'
2024-01-04T16:14:37.334+05:30  INFO 84668 --- [http-nio-1234-exec-2] o.s.web.servlet.DispatcherServlet        : Initializing Servlet 'dispatcherServlet'
2024-01-04T16:14:37.360+05:30  INFO 84668 --- [http-nio-1234-exec-2] o.s.web.servlet.DispatcherServlet        : Completed initialization in 26 ms
2024-01-04T16:14:37.444+05:30  INFO 84668 --- [http-nio-1234-exec-2] c.e.event.contoller.EventController      : Retrive all events
2024-01-04T16:14:37.444+05:30  INFO 84668 --- [http-nio-1234-exec-2] c.e.event.contoller.EventController      : recieved request for Get method 
2024-01-04T16:14:49.198+05:30  INFO 84668 --- [http-nio-1234-exec-3] c.e.event.contoller.EventController      : specific event
2024-01-04T16:14:53.506+05:30  INFO 84668 --- [http-nio-1234-exec-4] c.e.event.contoller.EventController      : specific event
2024-01-04T16:14:53.509+05:30 ERROR 84668 --- [http-nio-1234-exec-4] c.e.event.contoller.EventController      : exceptionevent id is no 66 not present
2024-01-04T16:15:13.993+05:30  INFO 84668 --- [http-nio-1234-exec-6] c.e.event.contoller.EventController      : Posting
2024-01-04T16:15:13.994+05:30  INFO 84668 --- [http-nio-1234-exec-6] c.e.event.contoller.EventController      : recieved req from post mapping
2024-01-04T16:15:34.924+05:30  INFO 84668 --- [http-nio-1234-exec-7] c.e.event.contoller.EventController      : Updating if only present
2024-01-04T16:15:34.924+05:30  INFO 84668 --- [http-nio-1234-exec-7] c.e.event.contoller.EventController      : recieved req from put mapping
2024-01-04T16:15:39.936+05:30  INFO 84668 --- [http-nio-1234-exec-8] c.e.event.contoller.EventController      : Retrive all events
2024-01-04T16:15:39.937+05:30  INFO 84668 --- [http-nio-1234-exec-8] c.e.event.contoller.EventController      : recieved request for Get method 
2024-01-04T16:15:56.103+05:30  INFO 84668 --- [http-nio-1234-exec-9] c.e.event.contoller.EventController      : Updating if only present
2024-01-04T16:15:56.103+05:30  INFO 84668 --- [http-nio-1234-exec-9] c.e.event.contoller.EventController      : recieved req from put mapping
2024-01-04T16:15:56.105+05:30 ERROR 84668 --- [http-nio-1234-exec-9] c.e.event.contoller.EventController      : raising an EventNotExists Exception
2024-01-04T16:15:56.105+05:30 ERROR 84668 --- [http-nio-1234-exec-9] c.e.event.contoller.EventController      : EventNotExistsException: the event is not present so i cant update the data
2024-01-04T17:19:22.593+05:30  INFO 84668 --- [File Watcher] rtingClassPathChangeChangedEventListener : Restarting due to 1 class path change (0 additions, 0 deletions, 1 modification)
2024-01-04T17:19:22.619+05:30  INFO 84668 --- [Thread-7] j.LocalContainerEntityManagerFactoryBean : Closing JPA EntityManagerFactory for persistence unit 'default'
2024-01-04T17:19:22.621+05:30  INFO 84668 --- [Thread-7] com.zaxxer.hikari.HikariDataSource       : HikariPool-2 - Shutdown initiated...
2024-01-04T17:19:22.852+05:30  INFO 84668 --- [Thread-7] com.zaxxer.hikari.HikariDataSource       : HikariPool-2 - Shutdown completed.
2024-01-04T17:19:22.986+05:30  INFO 84668 --- [restartedMain] com.example.event.EventApplication       : Starting EventApplication using Java 17.0.9 with PID 84668 (C:\Users\rohith_burle\Desktop\Spring\event\event\target\classes started by rohith_burle in C:\Users\rohith_burle\Desktop\Spring\event\event)
2024-01-04T17:19:22.987+05:30  INFO 84668 --- [restartedMain] com.example.event.EventApplication       : No active profile set, falling back to 1 default profile: "default"
2024-01-04T17:19:23.248+05:30  INFO 84668 --- [restartedMain] .s.d.r.c.RepositoryConfigurationDelegate : Bootstrapping Spring Data JPA repositories in DEFAULT mode.
2024-01-04T17:19:23.260+05:30  INFO 84668 --- [restartedMain] .s.d.r.c.RepositoryConfigurationDelegate : Finished Spring Data repository scanning in 11 ms. Found 1 JPA repository interface.
2024-01-04T17:19:23.372+05:30  INFO 84668 --- [restartedMain] o.s.b.w.embedded.tomcat.TomcatWebServer  : Tomcat initialized with port 1234 (http)
2024-01-04T17:19:23.373+05:30  INFO 84668 --- [restartedMain] o.apache.catalina.core.StandardService   : Starting service [Tomcat]
2024-01-04T17:19:23.373+05:30  INFO 84668 --- [restartedMain] o.apache.catalina.core.StandardEngine    : Starting Servlet engine: [Apache Tomcat/10.1.17]
2024-01-04T17:19:23.408+05:30  INFO 84668 --- [restartedMain] o.a.c.c.C.[Tomcat].[localhost].[/]       : Initializing Spring embedded WebApplicationContext
2024-01-04T17:19:23.408+05:30  INFO 84668 --- [restartedMain] w.s.c.ServletWebServerApplicationContext : Root WebApplicationContext: initialization completed in 419 ms
2024-01-04T17:19:23.428+05:30  INFO 84668 --- [restartedMain] com.zaxxer.hikari.HikariDataSource       : HikariPool-3 - Starting...
2024-01-04T17:19:23.453+05:30  INFO 84668 --- [restartedMain] com.zaxxer.hikari.pool.HikariPool        : HikariPool-3 - Added connection conn70: url=jdbc:h2:file:C:\Users\rohith_burle\events user=DATABASE
2024-01-04T17:19:23.454+05:30  INFO 84668 --- [restartedMain] com.zaxxer.hikari.HikariDataSource       : HikariPool-3 - Start completed.
2024-01-04T17:19:23.454+05:30  INFO 84668 --- [restartedMain] o.s.b.a.h2.H2ConsoleAutoConfiguration    : H2 console available at '/h2-rohith'. Database available at 'jdbc:h2:file:C:\Users\rohith_burle\events'
2024-01-04T17:19:23.490+05:30  INFO 84668 --- [restartedMain] o.hibernate.jpa.internal.util.LogHelper  : HHH000204: Processing PersistenceUnitInfo [name: default]
2024-01-04T17:19:23.495+05:30  INFO 84668 --- [restartedMain] o.h.c.internal.RegionFactoryInitiator    : HHH000026: Second-level cache disabled
2024-01-04T17:19:23.500+05:30  INFO 84668 --- [restartedMain] o.s.o.j.p.SpringPersistenceUnitInfo      : No LoadTimeWeaver setup: ignoring JPA class transformer
2024-01-04T17:19:23.502+05:30  WARN 84668 --- [restartedMain] org.hibernate.orm.deprecation            : HHH90000025: H2Dialect does not need to be specified explicitly using 'hibernate.dialect' (remove the property setting and it will be selected by default)
2024-01-04T17:19:23.536+05:30  INFO 84668 --- [restartedMain] o.h.e.t.j.p.i.JtaPlatformInitiator       : HHH000489: No JTA platform available (set 'hibernate.transaction.jta.platform' to enable JTA platform integration)
2024-01-04T17:19:23.540+05:30  INFO 84668 --- [restartedMain] j.LocalContainerEntityManagerFactoryBean : Initialized JPA EntityManagerFactory for persistence unit 'default'
2024-01-04T17:19:23.664+05:30  WARN 84668 --- [restartedMain] JpaBaseConfiguration$JpaWebConfiguration : spring.jpa.open-in-view is enabled by default. Therefore, database queries may be performed during view rendering. Explicitly configure spring.jpa.open-in-view to disable this warning
2024-01-04T17:19:23.858+05:30  INFO 84668 --- [restartedMain] o.s.b.d.a.OptionalLiveReloadServer       : LiveReload server is running on port 35729
2024-01-04T17:19:23.884+05:30  INFO 84668 --- [restartedMain] o.s.b.w.embedded.tomcat.TomcatWebServer  : Tomcat started on port 1234 (http) with context path ''
2024-01-04T17:19:23.890+05:30  INFO 84668 --- [restartedMain] com.example.event.EventApplication       : Started EventApplication in 0.936 seconds (process running for 9635.199)
2024-01-04T17:19:23.892+05:30  INFO 84668 --- [restartedMain] .ConditionEvaluationDeltaLoggingListener : Condition evaluation unchanged
2024-01-04T17:24:00.002+05:30  INFO 84668 --- [File Watcher] rtingClassPathChangeChangedEventListener : Restarting due to 1 class path change (0 additions, 0 deletions, 1 modification)
2024-01-04T17:24:00.027+05:30  INFO 84668 --- [Thread-12] j.LocalContainerEntityManagerFactoryBean : Closing JPA EntityManagerFactory for persistence unit 'default'
2024-01-04T17:24:00.028+05:30  INFO 84668 --- [Thread-12] com.zaxxer.hikari.HikariDataSource       : HikariPool-3 - Shutdown initiated...
2024-01-04T17:24:00.314+05:30  INFO 84668 --- [Thread-12] com.zaxxer.hikari.HikariDataSource       : HikariPool-3 - Shutdown completed.
2024-01-04T17:24:00.395+05:30  INFO 84668 --- [restartedMain] com.example.event.EventApplication       : Starting EventApplication using Java 17.0.9 with PID 84668 (C:\Users\rohith_burle\Desktop\Spring\event\event\target\classes started by rohith_burle in C:\Users\rohith_burle\Desktop\Spring\event\event)
2024-01-04T17:24:00.395+05:30  INFO 84668 --- [restartedMain] com.example.event.EventApplication       : No active profile set, falling back to 1 default profile: "default"
